[debug] [2021-05-10T08:23:58.004Z] ----------------------------------------------------------------------
[debug] [2021-05-10T08:23:58.006Z] Command:       C:\Program Files\nodejs\node.exe C:\Users\Albert\AppData\Roaming\npm\node_modules\firebase-tools\lib\bin\firebase.js init
[debug] [2021-05-10T08:23:58.007Z] CLI Version:   9.2.2
[debug] [2021-05-10T08:23:58.007Z] Platform:      win32
[debug] [2021-05-10T08:23:58.007Z] Node Version:  v14.15.4
[debug] [2021-05-10T08:23:58.007Z] Time:          Mon May 10 2021 01:23:58 GMT-0700 (Pacific Daylight Time)
[debug] [2021-05-10T08:23:58.007Z] ----------------------------------------------------------------------
[debug] [2021-05-10T08:23:58.008Z] 
[debug] [2021-05-10T08:23:58.012Z] > command requires scopes: ["email","openid","https://www.googleapis.com/auth/cloudplatformprojects.readonly","https://www.googleapis.com/auth/firebase","https://www.googleapis.com/auth/cloud-platform"]
[debug] [2021-05-10T08:23:58.012Z] > authorizing via signed-in user
[info] 
     ######## #### ########  ######## ########     ###     ######  ########
     ##        ##  ##     ## ##       ##     ##  ##   ##  ##       ##
     ######    ##  ########  ######   ########  #########  ######  ######
     ##        ##  ##    ##  ##       ##     ## ##     ##       ## ##
     ##       #### ##     ## ######## ########  ##     ##  ######  ########

You're about to initialize a Firebase project in this directory:

  D:\Projects\real-estate-ui

Before we get started, keep in mind:

  * You are initializing in an existing Firebase project directory

